Arguments: 
  /usr/local/bin/node /usr/local/bin/yarn add mime

PATH: 
  /usr/local/sbin:/usr/local/bin:/usr/local/sbin:/usr/local/bin:/usr/local/mongodb/bin:/usr/local/bin:/usr/bin:/bin:/usr/sbin:/sbin:/usr/local/sbin:/usr/local/mongodb/bin

Yarn version: 
  1.22.4

Node version: 
  12.18.3

Platform: 
  darwin x64

Trace: 
  Error: getaddrinfo ENOTFOUND registry.npm.taobao.org
      at GetAddrInfoReqWrap.onlookup [as oncomplete] (dns.js:66:26)

npm manifest: 
  {
    "name": "28.cache",
    "version": "1.0.0",
    "main": "index.js",
    "license": "MIT"
  }

yarn manifest: 
  No manifest

Lockfile: 
  No lockfile
